SF:lib/main.dart
DA:14,0
DA:15,0
DA:16,0
DA:17,0
DA:18,0
DA:19,0
DA:20,0
DA:22,0
DA:23,0
DA:25,0
DA:26,0
DA:28,0
DA:29,0
DA:32,0
DA:38,1
DA:39,1
DA:43,1
DA:45,1
DA:46,1
DA:47,1
DA:50,1
LF:21
LH:7
end_of_record
SF:lib/APIServices/APIServices.dart
DA:14,0
DA:17,0
DA:18,0
DA:23,0
DA:25,0
DA:26,0
DA:32,0
DA:33,0
DA:34,0
DA:35,0
DA:38,0
DA:39,0
DA:49,0
DA:51,0
DA:52,0
DA:53,0
DA:55,0
DA:57,0
DA:59,0
DA:60,0
DA:63,0
DA:66,0
DA:69,0
DA:73,0
DA:75,0
DA:76,0
DA:77,0
DA:78,0
DA:79,0
DA:81,0
DA:87,0
DA:89,0
DA:90,0
DA:91,0
DA:93,0
DA:95,0
DA:99,0
DA:102,0
DA:106,0
DA:108,0
DA:109,0
DA:110,0
DA:111,0
DA:113,0
DA:115,0
DA:117,0
DA:121,0
DA:127,0
DA:131,0
DA:133,0
DA:134,0
DA:135,0
DA:136,0
DA:138,0
DA:140,0
DA:142,0
DA:146,0
DA:147,0
DA:150,0
DA:154,0
DA:156,0
DA:157,0
DA:158,0
DA:160,0
DA:162,0
DA:166,0
DA:167,0
DA:168,0
DA:169,0
DA:170,0
DA:171,0
DA:172,0
DA:173,0
DA:183,0
DA:187,0
DA:190,0
DA:191,0
DA:192,0
DA:194,0
DA:196,0
DA:201,0
DA:207,0
DA:211,0
DA:213,0
DA:214,0
DA:215,0
DA:216,0
DA:218,0
DA:219,0
DA:223,0
DA:226,0
DA:230,0
DA:232,0
DA:233,0
DA:234,0
DA:236,0
DA:238,0
DA:244,0
DA:248,0
DA:250,0
DA:251,0
DA:252,0
DA:254,0
DA:256,0
DA:260,0
DA:261,0
DA:263,0
DA:266,0
LF:108
LH:0
end_of_record
SF:lib/App_configs/app_configs.dart
DA:6,0
DA:7,0
DA:8,0
DA:9,0
DA:10,0
DA:11,0
DA:12,0
DA:13,0
DA:14,0
DA:27,0
DA:28,0
DA:29,0
DA:30,0
DA:35,0
DA:36,0
DA:42,0
DA:44,0
DA:46,0
DA:49,0
DA:51,0
LF:20
LH:0
end_of_record
SF:lib/models/errorModel.dart
DA:7,0
DA:9,0
DA:12,0
DA:26,0
DA:27,0
DA:28,0
DA:29,0
DA:30,0
DA:31,0
DA:34,0
DA:35,0
DA:36,0
DA:37,0
DA:38,0
DA:39,0
LF:15
LH:0
end_of_record
SF:lib/models/orders.dart
DA:11,0
DA:12,0
DA:14,0
DA:15,0
DA:18,0
DA:35,0
DA:36,0
DA:37,0
DA:39,0
DA:46,0
DA:47,0
DA:50,0
DA:51,0
DA:67,0
DA:69,0
DA:70,0
DA:72,0
DA:74,0
DA:75,0
DA:78,0
DA:79,0
DA:82,0
DA:83,0
DA:84,0
DA:85,0
DA:87,0
DA:88,0
DA:89,0
DA:90,0
DA:92,0
DA:93,0
DA:95,0
DA:97,0
DA:98,0
DA:103,0
DA:104,0
DA:106,0
DA:108,0
DA:109,0
DA:112,0
DA:113,0
DA:116,0
DA:118,0
DA:119,0
DA:120,0
DA:123,0
DA:124,0
DA:125,0
DA:128,0
DA:129,0
DA:131,0
DA:132,0
DA:134,0
DA:135,0
DA:136,0
DA:137,0
DA:138,0
DA:139,0
DA:141,0
DA:146,0
DA:147,0
DA:148,0
DA:149,0
DA:150,0
DA:151,0
DA:152,0
DA:153,0
DA:154,0
DA:155,0
DA:156,0
DA:157,0
DA:158,0
DA:159,0
DA:161,0
DA:162,0
DA:165,0
DA:166,0
DA:167,0
DA:168,0
DA:169,0
DA:170,0
DA:171,0
DA:172,0
DA:173,0
DA:174,0
DA:175,0
DA:176,0
DA:177,0
DA:182,0
DA:196,0
DA:197,0
DA:198,0
DA:199,0
DA:200,0
DA:201,0
DA:204,0
DA:205,0
DA:206,0
DA:207,0
DA:208,0
DA:209,0
DA:214,0
DA:222,0
DA:223,0
DA:224,0
DA:227,0
DA:228,0
DA:229,0
DA:234,0
DA:252,0
DA:253,0
DA:254,0
DA:255,0
DA:256,0
DA:257,0
DA:258,0
DA:259,0
DA:260,0
DA:263,0
DA:264,0
DA:265,0
DA:266,0
DA:267,0
DA:268,0
DA:269,0
DA:270,0
DA:275,0
DA:297,0
DA:298,0
DA:299,0
DA:300,0
DA:301,0
DA:302,0
DA:303,0
DA:304,0
DA:305,0
DA:306,0
DA:309,0
DA:310,0
DA:311,0
DA:312,0
DA:313,0
DA:314,0
DA:315,0
DA:316,0
DA:317,0
DA:318,0
DA:323,0
DA:337,0
DA:338,0
DA:339,0
DA:340,0
DA:341,0
DA:342,0
DA:343,0
DA:346,0
DA:347,0
DA:348,0
DA:349,0
DA:350,0
DA:351,0
LF:161
LH:0
end_of_record
SF:lib/models/sellerDetails.dart
DA:3,0
DA:5,0
DA:8,0
DA:30,0
DA:31,0
DA:32,0
DA:33,0
DA:34,0
DA:35,0
DA:36,0
DA:37,0
DA:38,0
DA:39,0
DA:42,0
DA:43,0
DA:44,0
DA:45,0
DA:46,0
DA:47,0
DA:48,0
DA:49,0
DA:50,0
DA:51,0
DA:55,0
DA:63,0
DA:64,0
DA:65,0
DA:68,0
DA:69,0
DA:70,0
LF:30
LH:0
end_of_record
SF:lib/session.dart
DA:6,0
DA:7,0
DA:10,0
DA:12,0
DA:14,0
DA:15,0
DA:16,0
LF:7
LH:0
end_of_record
SF:lib/models/loginModel.dart
DA:5,0
DA:7,0
DA:8,0
DA:9,0
DA:10,0
DA:19,0
DA:24,0
DA:25,0
DA:26,0
DA:27,0
LF:10
LH:0
end_of_record
SF:lib/models/products.dart
DA:7,0
DA:9,0
DA:12,0
DA:38,0
DA:39,0
DA:40,0
DA:41,0
DA:42,0
DA:43,0
DA:44,0
DA:45,0
DA:46,0
DA:47,0
DA:48,0
DA:49,0
DA:52,0
DA:53,0
DA:54,0
DA:55,0
DA:56,0
DA:57,0
DA:58,0
DA:59,0
DA:60,0
DA:61,0
DA:62,0
DA:63,0
LF:27
LH:0
end_of_record
SF:lib/models/statusUpd.dart
DA:7,0
DA:9,0
DA:12,0
DA:20,0
DA:21,0
DA:22,0
DA:25,0
DA:26,0
DA:27,0
LF:9
LH:0
end_of_record
SF:lib/App_configs/sizeConfigs.dart
DA:10,0
DA:11,0
DA:12,0
DA:13,0
DA:14,0
DA:18,0
DA:20,0
DA:23,0
DA:25,0
LF:9
LH:0
end_of_record
SF:lib/App_configs/theme.dart
DA:5,1
DA:6,1
DA:9,1
DA:13,1
DA:14,1
DA:15,1
DA:16,1
DA:17,1
DA:18,1
DA:19,1
DA:20,1
DA:22,1
DA:23,1
DA:24,1
DA:25,1
DA:26,1
DA:30,1
DA:31,1
DA:38,1
DA:39,1
DA:45,1
DA:46,1
DA:47,1
DA:48,1
DA:51,2
DA:55,1
DA:56,1
DA:57,1
DA:62,1
DA:63,1
DA:69,1
DA:70,1
DA:71,1
DA:72,1
DA:73,1
DA:74,1
DA:75,1
DA:76,1
DA:77,1
DA:78,1
DA:79,1
DA:80,1
LF:42
LH:42
end_of_record
SF:lib/FireBase/firebase_config.dart
DA:11,0
DA:12,0
DA:13,0
DA:14,0
DA:15,0
DA:16,0
DA:18,0
DA:19,0
DA:23,0
DA:24,0
DA:25,0
DA:27,0
DA:28,0
DA:30,0
DA:32,0
DA:37,0
DA:39,0
DA:40,0
DA:41,0
DA:42,0
DA:43,0
DA:44,0
DA:46,0
DA:47,0
DA:49,0
DA:50,0
DA:51,0
DA:52,0
DA:53,0
DA:56,0
DA:57,0
DA:58,0
LF:32
LH:0
end_of_record
SF:lib/models/notificationModel.dart
DA:6,0
DA:7,0
DA:8,0
DA:9,0
LF:4
LH:0
end_of_record
SF:lib/providers/notification.dart
DA:7,0
DA:9,0
DA:10,0
DA:11,0
DA:13,0
DA:15,0
DA:16,0
DA:18,0
DA:20,0
DA:21,0
DA:22,0
DA:24,0
DA:26,0
DA:27,0
LF:14
LH:0
end_of_record
SF:lib/providers/orderProvider.dart
DA:16,0
DA:18,0
DA:19,0
DA:20,0
DA:21,0
DA:22,0
DA:23,0
DA:24,0
DA:25,0
DA:26,0
DA:27,0
DA:29,0
DA:30,0
DA:33,0
DA:35,0
DA:36,0
DA:39,0
DA:41,0
DA:42,0
DA:45,0
DA:47,0
DA:48,0
DA:52,0
DA:54,0
DA:59,0
DA:63,0
DA:66,0
DA:68,0
DA:69,0
DA:70,0
DA:71,0
DA:72,0
DA:75,0
DA:76,0
DA:77,0
DA:78,0
DA:79,0
DA:82,0
DA:84,0
DA:87,0
DA:88,0
DA:89,0
DA:90,0
DA:92,0
DA:96,0
DA:99,0
DA:100,0
DA:104,0
DA:105,0
DA:108,0
DA:109,0
DA:110,0
DA:113,0
DA:116,0
DA:119,0
DA:122,0
DA:125,0
DA:129,0
DA:130,0
DA:131,0
DA:132,0
DA:135,0
DA:136,0
DA:137,0
DA:138,0
DA:139,0
DA:140,0
DA:143,0
DA:144,0
DA:145,0
DA:146,0
DA:149,0
DA:150,0
DA:151,0
DA:152,0
DA:153,0
DA:156,0
DA:158,0
DA:161,0
DA:164,0
DA:167,0
DA:168,0
DA:169,0
DA:171,0
DA:175,0
DA:178,0
DA:179,0
LF:87
LH:0
end_of_record
SF:lib/providers/seller.dart
DA:6,0
DA:8,0
DA:11,0
DA:13,0
DA:14,0
LF:5
LH:0
end_of_record
SF:lib/Screens/homeScreen/Home.dart
DA:14,0
DA:15,0
DA:19,0
DA:22,0
DA:23,0
DA:25,0
DA:27,0
DA:29,0
DA:30,0
DA:31,0
DA:32,0
DA:33,0
DA:34,0
DA:35,0
DA:36,0
LF:15
LH:0
end_of_record
SF:lib/Screens/homeScreen/drawerScreen/drawer.dart
DA:19,0
DA:20,0
DA:24,0
DA:25,0
DA:29,0
DA:31,0
DA:32,0
DA:33,0
DA:34,0
DA:35,0
DA:36,0
DA:37,0
DA:38,0
DA:39,0
DA:41,0
DA:42,0
DA:43,0
DA:44,0
DA:45,0
DA:46,0
DA:48,0
DA:51,0
DA:53,0
DA:54,0
DA:55,0
DA:56,0
DA:57,0
DA:58,0
DA:59,0
DA:60,0
DA:61,0
DA:66,0
DA:67,0
DA:68,0
DA:69,0
DA:70,0
DA:71,0
DA:72,0
DA:75,0
DA:77,0
DA:80,0
DA:83,0
DA:84,0
DA:85,0
DA:86,0
DA:87,0
DA:88,0
DA:93,0
DA:97,0
DA:99,0
DA:104,0
DA:105,0
DA:106,0
DA:107,0
DA:108,0
DA:109,0
DA:110,0
DA:116,0
DA:118,0
DA:120,0
DA:125,0
DA:126,0
DA:127,0
DA:128,0
DA:129,0
DA:130,0
DA:132,0
DA:135,0
DA:136,0
DA:141,0
DA:142,0
DA:143,0
DA:144,0
DA:145,0
DA:147,0
DA:148,0
DA:150,0
LF:77
LH:0
end_of_record
SF:lib/Screens/homeScreen/mainScreen/mainScreen.dart
DA:21,0
DA:25,0
DA:29,0
DA:30,0
DA:42,0
DA:44,0
DA:45,0
DA:46,0
DA:49,0
DA:51,0
DA:52,0
DA:55,0
DA:57,0
DA:58,0
DA:59,0
DA:60,0
DA:61,0
DA:62,0
DA:63,0
DA:64,0
DA:67,0
DA:68,0
DA:69,0
DA:70,0
DA:71,0
DA:72,0
DA:74,0
DA:75,0
DA:76,0
DA:77,0
DA:78,0
DA:79,0
DA:81,0
DA:83,0
DA:84,0
DA:85,0
DA:86,0
DA:87,0
DA:88,0
DA:89,0
DA:93,0
DA:94,0
DA:95,0
DA:96,0
DA:97,0
DA:98,0
DA:102,0
DA:105,0
DA:106,0
DA:108,0
DA:109,0
DA:110,0
DA:111,0
DA:113,0
DA:114,0
DA:115,0
DA:116,0
DA:120,0
DA:123,0
DA:124,0
DA:127,0
DA:128,0
DA:129,0
DA:130,0
DA:136,0
DA:137,0
DA:138,0
DA:139,0
DA:141,0
DA:142,0
DA:143,0
DA:146,0
DA:150,0
DA:151,0
DA:152,0
DA:157,0
DA:158,0
DA:160,0
DA:161,0
DA:163,0
DA:164,0
DA:165,0
DA:167,0
DA:168,0
DA:173,0
DA:176,0
DA:186,0
DA:187,0
DA:188,0
DA:193,0
DA:194,0
DA:195,0
DA:206,0
DA:207,0
DA:208,0
DA:209,0
DA:210,0
LF:97
LH:0
end_of_record
SF:lib/providers/products.dart
DA:6,0
DA:7,0
DA:8,0
DA:10,0
DA:11,0
DA:12,0
LF:6
LH:0
end_of_record
SF:lib/Screens/catelogue/catalogue.dart
DA:14,0
DA:15,0
DA:19,0
DA:22,0
DA:23,0
DA:26,0
DA:28,0
DA:29,0
DA:30,0
DA:32,0
DA:33,0
DA:34,0
DA:35,0
DA:38,0
DA:42,0
DA:45,0
DA:47,0
DA:49,0
DA:51,0
DA:52,0
DA:53,0
DA:54,0
DA:55,0
DA:57,0
DA:58,0
DA:64,0
DA:66,0
DA:68,0
DA:69,0
DA:70,0
DA:73,0
DA:74,0
DA:76,0
DA:77,0
DA:78,0
DA:79,0
DA:80,0
DA:81,0
DA:83,0
DA:84,0
DA:85,0
DA:86,0
DA:88,0
DA:89,0
DA:90,0
DA:91,0
DA:96,0
DA:97,0
DA:99,0
DA:100,0
DA:103,0
DA:104,0
DA:107,0
DA:108,0
DA:109,0
DA:110,0
DA:111,0
DA:116,0
DA:117,0
DA:124,0
DA:125,0
DA:126,0
DA:128,0
DA:129,0
DA:131,0
DA:132,0
DA:137,0
DA:142,0
DA:143,0
DA:144,0
DA:145,0
LF:71
LH:0
end_of_record
SF:lib/Screens/productDetail/productDetail.dart
DA:9,0
DA:12,0
DA:14,0
DA:15,0
DA:16,0
DA:18,0
DA:19,0
DA:20,0
DA:21,0
DA:22,0
DA:23,0
DA:24,0
DA:25,0
DA:27,0
DA:28,0
DA:32,0
DA:35,0
DA:38,0
DA:39,0
DA:43,0
DA:44,0
DA:49,0
DA:52,0
DA:55,0
DA:57,0
DA:58,0
DA:60,0
DA:65,0
DA:68,0
DA:70,0
DA:71,0
DA:72,0
DA:73,0
DA:75,0
DA:78,0
DA:79,0
DA:80,0
DA:82,0
DA:83,0
DA:84,0
DA:85,0
DA:86,0
DA:87,0
DA:89,0
DA:90,0
DA:91,0
DA:92,0
DA:94,0
DA:96,0
DA:97,0
DA:98,0
DA:102,0
DA:109,0
DA:110,0
DA:111,0
DA:113,0
DA:115,0
DA:116,0
DA:117,0
DA:134,0
DA:135,0
DA:136,0
DA:137,0
DA:138,0
DA:139,0
DA:141,0
DA:143,0
DA:149,0
LF:68
LH:0
end_of_record
SF:lib/widgets/cards.dart
DA:10,0
DA:12,0
DA:14,0
DA:16,0
DA:17,0
DA:19,0
DA:20,0
DA:21,0
DA:22,0
DA:23,0
DA:24,0
DA:28,0
DA:30,0
DA:31,0
DA:33,0
LF:15
LH:0
end_of_record
SF:lib/widgets/switchButton.dart
DA:9,0
DA:15,0
DA:21,0
DA:22,0
DA:26,0
DA:28,0
DA:29,0
DA:32,0
DA:33,0
DA:39,0
DA:43,0
DA:44,0
DA:45,0
DA:46,0
DA:47,0
DA:48,0
DA:49,0
DA:51,0
DA:52,0
DA:61,0
DA:62,0
DA:63,0
DA:64,0
DA:65,0
DA:68,0
DA:69,0
DA:70,0
DA:71,0
DA:74,0
DA:77,0
DA:78,0
DA:81,0
DA:82,0
DA:83,0
LF:34
LH:0
end_of_record
SF:lib/Screens/homeScreen/Home.dart
DA:14,0
DA:15,0
DA:19,0
DA:22,0
DA:23,0
DA:25,0
DA:27,0
DA:29,0
DA:30,0
DA:31,0
DA:32,0
DA:33,0
DA:34,0
DA:35,0
DA:36,0
LF:15
LH:0
end_of_record
SF:lib/Screens/loginScreen/loginScreen.dart
DA:10,0
DA:11,0
DA:20,0
DA:22,0
DA:23,0
DA:24,0
DA:29,0
DA:30,0
DA:31,0
DA:32,0
DA:33,0
DA:34,0
DA:35,0
DA:36,0
LF:14
LH:0
end_of_record
SF:lib/Screens/orderHistory/orderHistory.dart
DA:11,0
DA:14,0
DA:18,0
DA:19,0
DA:23,0
DA:25,0
DA:26,0
DA:27,0
DA:28,0
DA:29,0
DA:31,0
DA:35,0
DA:37,0
DA:39,0
DA:40,0
DA:41,0
DA:42,0
DA:44,0
DA:52,0
DA:55,0
DA:59,0
DA:61,0
DA:62,0
DA:63,0
DA:65,0
DA:66,0
DA:68,0
DA:69,0
DA:70,0
DA:71,0
DA:73,0
DA:74,0
DA:75,0
DA:76,0
DA:77,0
DA:82,0
DA:83,0
DA:86,0
DA:89,0
DA:90,0
DA:93,0
DA:94,0
DA:95,0
DA:96,0
DA:97,0
DA:98,0
DA:99,0
DA:103,0
DA:105,0
LF:49
LH:0
end_of_record
SF:lib/Screens/profileScreen.dart
DA:8,0
DA:9,0
DA:15,0
DA:17,0
DA:18,0
DA:19,0
DA:21,0
DA:22,0
DA:23,0
DA:24,0
DA:25,0
DA:27,0
DA:28,0
DA:29,0
DA:30,0
DA:31,0
DA:32,0
DA:35,0
DA:36,0
DA:37,0
DA:38,0
DA:41,0
DA:45,0
DA:47,0
DA:51,0
DA:54,0
DA:57,0
DA:59,0
DA:65,0
DA:74,0
DA:75,0
DA:76,0
DA:77,0
DA:78,0
DA:79,0
DA:80,0
DA:81,0
DA:82,0
DA:83,0
DA:84,0
DA:85,0
DA:92,0
DA:93,0
DA:95,0
DA:96,0
DA:97,0
DA:98,0
DA:100,0
DA:106,0
DA:107,0
DA:108,0
DA:109,0
DA:113,0
DA:114,0
DA:115,0
DA:117,0
DA:133,0
DA:135,0
DA:136,0
DA:137,0
DA:138,0
DA:139,0
DA:141,0
DA:142,0
DA:143,0
DA:144,0
DA:145,0
DA:149,0
DA:153,0
DA:154,0
LF:70
LH:0
end_of_record
SF:lib/Screens/rejectedOrder/rejectedOrders.dart
DA:17,0
DA:20,0
DA:24,0
DA:25,0
DA:33,0
DA:34,0
DA:36,0
DA:37,0
DA:38,0
DA:39,0
DA:41,0
DA:42,0
DA:43,0
DA:44,0
DA:45,0
DA:46,0
DA:47,0
DA:51,0
DA:52,0
DA:54,0
DA:57,0
DA:61,0
DA:64,0
DA:65,0
DA:68,0
DA:70,0
DA:71,0
DA:72,0
DA:73,0
DA:74,0
DA:76,0
DA:81,0
DA:82,0
DA:85,0
DA:86,0
DA:87,0
DA:88,0
DA:89,0
DA:90,0
DA:93,0
DA:99,0
DA:100,0
DA:101,0
DA:102,0
DA:105,0
DA:108,0
DA:109,0
DA:110,0
DA:111,0
DA:114,0
DA:117,0
DA:118,0
DA:119,0
DA:120,0
DA:123,0
DA:126,0
DA:127,0
DA:128,0
DA:130,0
DA:134,0
DA:135,0
DA:136,0
DA:137,0
DA:138,0
DA:140,0
DA:141,0
DA:143,0
DA:144,0
DA:145,0
DA:146,0
DA:147,0
DA:150,0
DA:153,0
DA:165,0
DA:168,0
DA:172,0
DA:174,0
DA:176,0
DA:177,0
DA:178,0
DA:180,0
DA:181,0
DA:183,0
DA:184,0
DA:186,0
DA:187,0
DA:188,0
DA:190,0
DA:192,0
DA:193,0
DA:198,0
DA:199,0
DA:200,0
DA:204,0
DA:207,0
DA:209,0
DA:210,0
DA:211,0
DA:212,0
DA:217,0
DA:219,0
DA:221,0
DA:227,0
DA:229,0
DA:231,0
DA:232,0
DA:235,0
DA:236,0
DA:237,0
DA:238,0
DA:239,0
DA:240,0
DA:244,0
DA:246,0
LF:114
LH:0
end_of_record
SF:lib/Screens/homeScreen/mainScreen/components/activeCard.dart
DA:16,0
DA:20,0
DA:24,0
DA:25,0
DA:31,0
DA:34,0
DA:35,0
DA:38,0
DA:40,0
DA:41,0
DA:42,0
DA:43,0
DA:44,0
DA:46,0
DA:47,0
DA:48,0
DA:49,0
DA:50,0
DA:51,0
DA:57,0
DA:58,0
DA:59,0
DA:60,0
DA:61,0
DA:62,0
DA:63,0
DA:65,0
DA:67,0
DA:68,0
DA:69,0
DA:70,0
DA:71,0
DA:73,0
DA:74,0
DA:75,0
DA:76,0
DA:78,0
DA:79,0
DA:80,0
DA:81,0
DA:82,0
DA:83,0
DA:84,0
DA:90,0
DA:91,0
DA:92,0
DA:93,0
DA:98,0
DA:99,0
DA:100,0
DA:101,0
DA:102,0
DA:104,0
DA:105,0
DA:106,0
DA:107,0
DA:109,0
DA:111,0
DA:112,0
DA:113,0
DA:114,0
DA:118,0
DA:121,0
DA:122,0
DA:123,0
DA:124,0
LF:66
LH:0
end_of_record
SF:lib/Screens/homeScreen/mainScreen/components/activeOrderButtons.dart
DA:19,0
DA:24,0
DA:28,0
DA:30,0
DA:31,0
DA:32,0
DA:33,0
DA:34,0
DA:36,0
DA:37,0
DA:38,0
DA:39,0
DA:41,0
DA:42,0
DA:43,0
DA:44,0
DA:45,0
DA:46,0
DA:47,0
DA:48,0
DA:54,0
DA:55,0
DA:56,0
DA:59,0
DA:60,0
DA:61,0
DA:62,0
DA:63,0
DA:64,0
DA:65,0
DA:68,0
DA:75,0
DA:77,0
DA:78,0
DA:79,0
DA:86,0
DA:91,0
DA:92,0
DA:93,0
DA:94,0
DA:95,0
LF:41
LH:0
end_of_record
SF:lib/utilities/pageRoute.dart
DA:4,0
DA:8,0
DA:11,0
DA:14,0
DA:17,0
DA:20,0
DA:23,0
DA:26,0
DA:27,0
DA:31,0
DA:34,0
DA:37,0
LF:12
LH:0
end_of_record
SF:lib/widgets/coloredBadge.dart
DA:11,0
DA:18,0
DA:20,0
DA:22,0
DA:23,0
DA:24,0
DA:25,0
DA:26,0
DA:27,0
DA:29,0
DA:30,0
DA:36,0
DA:37,0
DA:38,0
DA:39,0
DA:40,0
DA:42,0
DA:43,0
LF:18
LH:0
end_of_record
SF:lib/widgets/orderDetail/orderDetails.dart
DA:17,0
DA:24,0
DA:25,0
DA:26,0
DA:27,0
DA:28,0
DA:29,0
DA:30,0
DA:31,0
DA:33,0
DA:34,0
DA:36,0
DA:37,0
DA:39,0
DA:40,0
DA:42,0
DA:43,0
DA:44,0
DA:47,0
DA:50,0
DA:52,0
DA:53,0
DA:54,0
DA:55,0
DA:57,0
DA:58,0
DA:59,0
DA:60,0
DA:61,0
DA:63,0
DA:65,0
DA:66,0
DA:69,0
DA:72,0
DA:73,0
DA:74,0
DA:75,0
DA:77,0
DA:78,0
DA:79,0
DA:80,0
DA:81,0
DA:82,0
DA:83,0
DA:86,0
DA:87,0
DA:90,0
DA:91,0
DA:92,0
DA:93,0
DA:94,0
DA:95,0
DA:96,0
DA:109,0
DA:110,0
DA:111,0
DA:112,0
DA:114,0
DA:115,0
DA:116,0
DA:117,0
DA:118,0
DA:129,0
DA:130,0
DA:131,0
DA:133,0
DA:134,0
DA:135,0
DA:136,0
DA:137,0
DA:144,0
DA:146,0
DA:148,0
DA:149,0
DA:159,0
DA:160,0
DA:162,0
DA:163,0
DA:164,0
DA:166,0
DA:167,0
DA:168,0
DA:169,0
DA:170,0
DA:171,0
DA:182,0
DA:183,0
DA:184,0
DA:185,0
DA:186,0
DA:189,0
DA:190,0
LF:92
LH:0
end_of_record
SF:lib/widgets/textOverFlow.dart
DA:4,0
DA:9,0
DA:15,0
DA:17,0
DA:18,0
DA:19,0
DA:20,0
DA:23,0
DA:24,0
DA:26,0
LF:10
LH:0
end_of_record
SF:lib/widgets/upCounter.dart
DA:14,0
DA:17,0
DA:21,0
DA:22,0
DA:31,0
DA:32,0
DA:33,0
DA:34,0
DA:35,0
DA:38,0
DA:40,0
DA:42,0
DA:43,0
DA:44,0
DA:45,0
DA:46,0
DA:47,0
DA:49,0
DA:50,0
DA:51,0
DA:52,0
DA:53,0
DA:54,0
DA:55,0
DA:56,0
DA:84,0
DA:87,0
DA:88,0
DA:89,0
DA:90,0
DA:91,0
DA:93,0
DA:96,0
DA:98,0
DA:99,0
DA:102,0
DA:109,0
DA:110,0
DA:111,0
DA:112,0
DA:113,0
DA:114,0
DA:115,0
DA:120,0
DA:122,0
DA:124,0
DA:130,0
DA:132,0
DA:134,0
DA:135,0
DA:136,0
DA:137,0
DA:138,0
DA:144,0
DA:145,0
DA:146,0
DA:150,0
DA:153,0
DA:155,0
DA:160,0
DA:161,0
DA:162,0
DA:166,0
DA:169,0
DA:170,0
DA:171,0
DA:175,0
DA:181,0
DA:183,0
DA:185,0
LF:70
LH:0
end_of_record
SF:lib/Screens/homeScreen/mainScreen/components/countDownTimer.dart
DA:13,0
DA:17,0
DA:18,0
DA:19,0
DA:20,0
DA:23,0
DA:24,0
DA:25,0
DA:26,0
DA:28,0
DA:30,0
DA:35,0
DA:36,0
DA:37,0
DA:38,0
DA:39,0
DA:44,0
DA:46,0
DA:48,0
DA:54,0
DA:56,0
DA:57,0
DA:58,0
DA:59,0
DA:64,0
DA:65,0
DA:66,0
DA:67,0
DA:68,0
DA:72,0
LF:30
LH:0
end_of_record
SF:lib/Screens/homeScreen/mainScreen/components/updateETC.dart
DA:8,0
DA:11,0
DA:13,0
DA:15,0
DA:16,0
DA:17,0
DA:18,0
DA:19,0
DA:20,0
DA:21,0
DA:22,0
DA:23,0
DA:31,0
DA:32,0
DA:33,0
DA:34,0
DA:35,0
DA:36,0
DA:39,0
DA:41,0
DA:42,0
DA:43,0
DA:44,0
DA:45,0
DA:46,0
DA:49,0
DA:50,0
DA:51,0
DA:52,0
DA:53,0
DA:54,0
DA:59,0
DA:61,0
DA:62,0
DA:63,0
DA:64,0
DA:65,0
DA:68,0
DA:69,0
DA:70,0
DA:71,0
DA:72,0
DA:73,0
DA:74,0
LF:44
LH:0
end_of_record
SF:lib/widgets/defaultAleart.dart
DA:3,0
DA:5,0
DA:9,0
DA:10,0
DA:11,0
DA:13,0
DA:14,0
DA:15,0
DA:16,0
DA:17,0
LF:10
LH:0
end_of_record
SF:lib/widgets/defaultButton.dart
DA:5,0
DA:12,0
DA:19,0
DA:21,0
DA:22,0
DA:23,0
DA:24,0
DA:25,0
DA:26,0
DA:28,0
DA:29,0
DA:30,0
DA:31,0
DA:32,0
DA:33,0
LF:15
LH:0
end_of_record
SF:lib/Screens/verifyScreen.dart
DA:14,0
DA:17,0
DA:19,0
DA:20,0
DA:21,0
DA:22,0
DA:26,0
DA:27,0
DA:28,0
DA:29,0
DA:30,0
DA:31,0
DA:32,0
DA:33,0
DA:35,0
DA:37,0
DA:40,0
DA:41,0
DA:42,0
DA:44,0
DA:49,0
DA:50,0
DA:52,0
DA:53,0
DA:54,0
DA:57,0
DA:62,0
DA:63,0
DA:65,0
DA:70,0
DA:72,0
DA:73,0
DA:77,0
DA:80,0
DA:81,0
DA:82,0
DA:83,0
DA:84,0
DA:85,0
DA:86,0
DA:87,0
DA:88,0
DA:89,0
DA:90,0
DA:91,0
DA:92,0
DA:94,0
DA:95,0
DA:96,0
DA:99,0
DA:102,0
DA:104,0
DA:116,0
DA:117,0
DA:119,0
DA:121,0
DA:122,0
DA:131,0
DA:132,0
DA:133,0
DA:136,0
DA:137,0
DA:139,0
DA:141,0
DA:142,0
DA:151,0
DA:152,0
DA:153,0
DA:156,0
DA:157,0
DA:159,0
DA:161,0
DA:162,0
DA:164,0
DA:171,0
DA:172,0
DA:173,0
LF:77
LH:0
end_of_record
SF:lib/Screens/homeScreen/mainScreen/components/activeOrders.dart
DA:12,0
DA:15,0
DA:19,0
DA:20,0
DA:29,0
DA:31,0
DA:32,0
DA:35,0
DA:37,0
DA:38,0
DA:39,0
DA:40,0
DA:42,0
DA:43,0
DA:44,0
DA:45,0
DA:47,0
DA:49,0
DA:52,0
DA:53,0
DA:54,0
DA:55,0
DA:56,0
DA:57,0
DA:58,0
DA:59,0
DA:60,0
DA:64,0
DA:65,0
DA:67,0
DA:68,0
DA:69,0
DA:70,0
DA:71,0
DA:72,0
DA:73,0
DA:74,0
DA:75,0
DA:76,0
DA:77,0
DA:78,0
DA:86,0
DA:88,0
DA:89,0
DA:91,0
DA:92,0
DA:93,0
DA:94,0
DA:97,0
DA:102,0
DA:104,0
DA:106,0
DA:116,0
DA:118,0
DA:119,0
DA:121,0
DA:122,0
DA:123,0
DA:132,0
DA:133,0
DA:134,0
DA:135,0
DA:136,0
DA:140,0
DA:141,0
DA:144,0
DA:145,0
DA:146,0
DA:147,0
DA:148,0
DA:150,0
DA:154,0
DA:155,0
DA:156,0
DA:164,0
LF:75
LH:0
end_of_record
SF:lib/widgets/timer/timer.dart
DA:11,0
DA:17,0
DA:18,0
DA:19,0
DA:20,0
DA:31,0
DA:37,0
DA:38,0
DA:39,0
DA:40,0
DA:51,0
DA:57,0
DA:58,0
DA:59,0
DA:60,0
DA:71,0
DA:77,0
DA:78,0
DA:79,0
DA:80,0
DA:91,0
DA:97,0
DA:98,0
DA:99,0
DA:100,0
DA:120,0
DA:135,0
DA:137,0
DA:138,0
DA:145,0
DA:146,0
DA:147,0
DA:148,0
DA:149,0
DA:150,0
DA:151,0
DA:152,0
DA:153,0
DA:154,0
DA:155,0
DA:156,0
DA:162,0
DA:163,0
DA:164,0
DA:165,0
DA:166,0
DA:169,0
DA:171,0
DA:172,0
DA:174,0
DA:175,0
DA:177,0
DA:180,0
DA:182,0
DA:183,0
DA:191,0
DA:193,0
DA:195,0
DA:197,0
DA:199,0
DA:200,0
DA:202,0
DA:203,0
DA:204,0
DA:205,0
DA:206,0
DA:207,0
DA:208,0
DA:209,0
DA:210,0
DA:211,0
DA:214,0
DA:215,0
DA:216,0
DA:217,0
DA:218,0
DA:219,0
DA:220,0
DA:225,0
DA:226,0
DA:227,0
DA:231,0
DA:234,0
DA:236,0
DA:237,0
DA:238,0
DA:239,0
DA:243,0
DA:246,0
DA:248,0
DA:249,0
DA:250,0
DA:251,0
DA:252,0
DA:253,0
DA:254,0
DA:255,0
DA:256,0
DA:257,0
DA:260,0
DA:261,0
DA:262,0
DA:263,0
DA:264,0
DA:265,0
DA:266,0
DA:271,0
DA:272,0
DA:273,0
DA:277,0
DA:288,0
LF:111
LH:0
end_of_record
SF:lib/Screens/homeScreen/mainScreen/components/notificationDrawer.dart
DA:12,0
DA:15,0
DA:20,0
DA:22,0
DA:23,0
DA:24,0
DA:25,0
DA:27,0
DA:28,0
DA:29,0
DA:30,0
DA:31,0
DA:32,0
DA:33,0
DA:34,0
DA:35,0
DA:36,0
DA:37,0
DA:39,0
DA:40,0
DA:41,0
DA:43,0
DA:46,0
DA:48,0
DA:51,0
DA:56,0
DA:57,0
DA:58,0
DA:59,0
DA:60,0
DA:62,0
DA:63,0
DA:64,0
DA:65,0
DA:66,0
DA:67,0
DA:68,0
DA:69,0
DA:71,0
DA:72,0
DA:73,0
DA:74,0
DA:75,0
DA:76,0
DA:77,0
DA:78,0
DA:82,0
DA:83,0
DA:84,0
DA:87,0
DA:88,0
DA:90,0
DA:92,0
DA:93,0
DA:95,0
DA:96,0
DA:97,0
DA:98,0
DA:99,0
DA:102,0
DA:104,0
DA:105,0
DA:108,0
DA:111,0
DA:112,0
DA:114,0
DA:120,0
DA:121,0
DA:122,0
DA:124,0
DA:129,0
DA:130,0
DA:131,0
DA:136,0
DA:137,0
DA:138,0
DA:140,0
DA:145,0
DA:147,0
DA:153,0
DA:158,0
DA:159,0
DA:161,0
DA:163,0
DA:164,0
DA:180,0
DA:182,0
DA:183,0
DA:185,0
DA:186,0
DA:187,0
DA:188,0
DA:189,0
DA:190,0
DA:191,0
DA:192,0
DA:195,0
DA:196,0
LF:98
LH:0
end_of_record
SF:lib/Screens/homeScreen/mainScreen/components/pendingOrder/buttons.dart
DA:12,0
DA:16,0
DA:21,0
DA:23,0
DA:25,0
DA:26,0
DA:27,0
DA:28,0
DA:30,0
DA:31,0
DA:32,0
DA:34,0
DA:35,0
DA:40,0
DA:41,0
DA:42,0
DA:44,0
DA:46,0
DA:47,0
DA:48,0
DA:49,0
DA:50,0
DA:51,0
LF:23
LH:0
end_of_record
SF:lib/widgets/rejectionAleart.dart
DA:10,0
DA:11,1
DA:17,0
DA:18,0
DA:19,0
DA:21,0
DA:24,0
DA:27,0
DA:28,0
DA:30,0
DA:32,0
DA:33,0
DA:35,0
DA:37,0
DA:38,0
DA:39,0
DA:40,0
DA:42,0
DA:44,0
DA:45,0
DA:46,0
DA:47,0
DA:50,0
DA:51,0
DA:54,0
DA:58,0
DA:59,0
DA:60,0
DA:63,0
DA:64,0
DA:67,0
DA:71,0
DA:72,0
DA:73,0
DA:76,0
DA:77,0
DA:80,0
DA:84,0
DA:85,0
DA:86,0
DA:89,0
DA:90,0
DA:96,0
DA:98,0
DA:100,0
DA:102,0
DA:103,0
DA:107,0
DA:115,0
DA:116,0
DA:117,0
DA:118,0
DA:119,0
DA:122,0
DA:124,0
DA:126,0
DA:127,0
DA:128,0
DA:129,0
DA:130,0
DA:132,0
DA:135,0
DA:136,0
DA:137,0
DA:139,0
LF:65
LH:1
end_of_record
SF:lib/widgets/widgets.dart
DA:4,0
DA:5,0
DA:6,0
DA:8,0
DA:11,0
DA:16,0
DA:20,0
DA:25,0
DA:27,0
DA:28,0
DA:29,0
DA:35,0
DA:39,0
DA:43,0
DA:45,0
DA:46,0
DA:48,0
DA:49,0
DA:50,0
DA:52,0
DA:53,0
LF:21
LH:0
end_of_record
SF:lib/Screens/homeScreen/mainScreen/components/pendingOrder/pendingOrderCard.dart
DA:16,0
DA:20,0
DA:25,0
DA:26,0
DA:33,0
DA:36,0
DA:37,0
DA:38,0
DA:41,0
DA:43,0
DA:44,0
DA:47,0
DA:49,0
DA:51,0
DA:52,0
DA:53,0
DA:59,0
DA:61,0
DA:62,0
DA:64,0
DA:65,0
DA:66,0
DA:67,0
DA:68,0
DA:69,0
DA:70,0
DA:71,0
DA:77,0
DA:78,0
DA:79,0
DA:80,0
DA:81,0
DA:82,0
DA:83,0
DA:85,0
DA:87,0
DA:88,0
DA:89,0
DA:90,0
DA:92,0
DA:93,0
DA:94,0
DA:95,0
DA:97,0
DA:98,0
DA:99,0
DA:100,0
DA:102,0
DA:103,0
DA:104,0
DA:105,0
DA:106,0
DA:112,0
DA:122,0
DA:123,0
DA:124,0
DA:125,0
DA:126,0
DA:130,0
DA:131,0
DA:133,0
DA:135,0
DA:143,0
DA:145,0
DA:146,0
DA:148,0
DA:149,0
DA:151,0
DA:153,0
DA:158,0
DA:161,0
DA:166,0
DA:167,0
DA:169,0
DA:170,0
DA:171,0
DA:172,0
DA:173,0
DA:186,0
DA:189,0
DA:193,0
DA:194,0
DA:201,0
DA:202,0
DA:203,0
DA:206,0
DA:207,0
DA:208,0
DA:209,0
DA:210,0
DA:214,0
DA:217,0
DA:218,0
DA:224,0
DA:226,0
DA:227,0
DA:228,0
DA:229,0
DA:230,0
DA:233,0
DA:234,0
DA:235,0
DA:236,0
LF:103
LH:0
end_of_record
SF:lib/widgets/timer/sliding_text.dart
DA:14,0
DA:23,0
DA:25,0
DA:26,0
DA:49,0
DA:50,0
DA:51,0
DA:52,0
DA:53,0
DA:54,0
DA:56,0
DA:57,0
DA:58,0
DA:61,0
DA:62,0
DA:66,0
DA:69,0
DA:70,0
DA:71,0
DA:72,0
DA:73,0
DA:74,0
DA:75,0
DA:79,0
DA:81,0
DA:82,0
DA:85,0
DA:87,0
DA:88,0
DA:91,0
DA:93,0
DA:95,0
DA:97,0
DA:103,0
DA:104,0
DA:106,0
DA:107,0
DA:108,0
DA:109,0
DA:110,0
DA:111,0
DA:112,0
DA:115,0
DA:116,0
DA:117,0
DA:119,0
DA:120,0
DA:121,0
DA:122,0
DA:123,0
DA:124,0
DA:126,0
DA:128,0
DA:129,0
DA:132,0
DA:136,0
DA:137,0
DA:138,0
DA:139,0
DA:140,0
DA:141,0
DA:142,0
DA:143,0
DA:145,0
DA:147,0
DA:148,0
DA:151,0
LF:67
LH:0
end_of_record
SF:lib/widgets/timer/swipe_direction.dart
DA:1,1
LF:1
LH:1
end_of_record
SF:lib/Screens/homeScreen/mainScreen/components/pendingOrder/pendingOrders.dart
DA:13,0
DA:16,0
DA:22,0
DA:24,0
DA:25,0
DA:26,0
DA:27,0
DA:28,0
DA:29,0
DA:30,0
DA:33,0
DA:38,0
DA:40,0
DA:46,0
DA:48,0
DA:49,0
DA:50,0
DA:51,0
DA:53,0
DA:55,0
DA:59,0
DA:60,0
DA:62,0
DA:64,0
DA:65,0
DA:66,0
LF:26
LH:0
end_of_record
SF:lib/Screens/splashScreen.dart
DA:11,1
DA:12,1
DA:16,1
DA:18,2
DA:19,0
DA:23,1
DA:25,1
DA:26,3
DA:27,1
DA:31,1
DA:33,1
DA:34,1
DA:35,1
DA:36,1
LF:14
LH:13
end_of_record
SF:lib/widgets/notificationBell.dart
DA:7,0
DA:8,0
DA:12,0
DA:14,0
DA:15,0
DA:16,0
DA:18,0
DA:19,0
DA:22,0
DA:24,0
DA:26,0
DA:30,0
DA:32,0
DA:34,0
DA:35,0
DA:36,0
DA:39,0
LF:17
LH:0
end_of_record
SF:lib/Screens/internetError.dart
DA:8,0
DA:9,0
DA:13,0
DA:15,0
DA:16,0
DA:17,0
DA:18,0
DA:21,0
DA:22,0
DA:24,0
DA:28,0
DA:31,0
DA:33,0
DA:35,0
DA:38,0
DA:40,0
DA:42,0
LF:17
LH:0
end_of_record
SF:lib/Screens/loginScreen/components/emailForm.dart
DA:5,0
DA:8,0
DA:12,0
DA:14,0
DA:16,0
DA:17,0
DA:18,0
DA:19,0
DA:21,0
DA:22,0
DA:23,0
DA:24,0
DA:25,0
DA:26,0
DA:28,0
LF:15
LH:0
end_of_record
SF:lib/Screens/loginScreen/components/loginBody.dart
DA:9,0
DA:14,0
DA:20,0
DA:21,0
DA:28,0
DA:30,0
DA:31,0
DA:34,0
DA:36,0
DA:37,0
DA:38,0
DA:39,0
DA:40,0
DA:41,0
DA:43,0
DA:44,0
DA:45,0
DA:46,0
DA:47,0
DA:48,0
DA:49,0
DA:50,0
DA:51,0
DA:55,0
DA:56,0
DA:57,0
DA:58,0
DA:59,0
DA:60,0
DA:62,0
DA:64,0
DA:65,0
DA:66,0
DA:67,0
DA:68,0
DA:69,0
DA:70,0
DA:71,0
DA:73,0
DA:74,0
DA:75,0
DA:76,0
DA:77,0
DA:79,0
DA:81,0
DA:82,0
DA:84,0
DA:85,0
DA:86,0
DA:87,0
DA:88,0
DA:90,0
DA:91,0
DA:92,0
DA:93,0
DA:94,0
DA:95,0
DA:99,0
DA:100,0
DA:101,0
DA:108,0
DA:110,0
DA:112,0
DA:113,0
DA:115,0
DA:127,0
DA:128,0
DA:129,0
DA:130,0
LF:69
LH:0
end_of_record
SF:lib/Screens/loginScreen/components/passwordForm.dart
DA:6,0
DA:10,0
DA:15,0
DA:16,0
DA:20,0
DA:22,0
DA:23,0
DA:25,0
DA:26,0
DA:27,0
DA:29,0
DA:30,0
DA:31,0
DA:32,0
DA:33,0
DA:34,0
DA:36,0
DA:38,0
DA:39,0
DA:40,0
DA:41,0
DA:44,0
DA:45,0
DA:46,0
LF:24
LH:0
end_of_record
SF:lib/Screens/loginScreen/components/progressHUD.dart
DA:10,0
DA:17,0
DA:19,0
DA:21,0
DA:22,0
DA:23,0
DA:24,0
DA:25,0
DA:26,0
DA:27,0
DA:28,0
DA:30,0
DA:33,0
DA:35,0
LF:14
LH:0
end_of_record
SF:lib/Screens/serverErrorScreen.dart
DA:4,0
DA:6,0
DA:8,0
DA:10,0
DA:11,0
DA:12,0
DA:13,0
DA:15,0
DA:16,0
DA:20,0
DA:21,0
DA:23,0
DA:25,0
DA:27,0
DA:29,0
DA:36,0
LF:16
LH:0
end_of_record
SF:lib/internetCheck.dart
DA:11,0
DA:13,0
DA:14,0
DA:15,0
DA:16,0
DA:19,0
DA:21,0
DA:23,0
LF:8
LH:0
end_of_record
SF:lib/root.dart
DA:11,0
DA:12,0
DA:15,0
DA:17,0
DA:18,0
DA:19,0
DA:20,0
DA:21,0
DA:24,0
DA:25,0
DA:29,0
DA:31,0
LF:12
LH:0
end_of_record
SF:lib/Screens/submittedScreen.dart
DA:11,0
DA:14,0
DA:16,0
DA:17,0
DA:25,0
DA:27,0
DA:29,0
DA:30,0
DA:32,0
DA:33,0
DA:34,0
DA:35,0
DA:38,0
DA:40,0
DA:41,0
DA:42,0
DA:43,0
DA:45,0
DA:46,0
DA:51,0
DA:52,0
DA:56,0
DA:57,0
DA:58,0
DA:59,0
DA:60,0
DA:62,0
DA:63,0
DA:65,0
DA:68,0
DA:69,0
DA:70,0
DA:71,0
DA:74,0
DA:76,0
DA:79,0
DA:81,0
DA:82,0
DA:83,0
DA:84,0
LF:40
LH:0
end_of_record
SF:lib/loadindScreen.dart
DA:12,0
DA:13,0
DA:17,0
DA:19,0
DA:20,0
DA:22,0
DA:23,0
DA:24,0
DA:26,0
DA:27,0
DA:28,0
DA:31,0
DA:33,0
LF:13
LH:0
end_of_record
SF:lib/routes.dart
DA:17,3
DA:18,0
DA:19,0
DA:20,0
DA:21,0
DA:22,0
DA:23,0
DA:24,0
DA:25,0
DA:26,0
DA:27,0
DA:28,0
DA:29,0
DA:30,0
DA:31,0
LF:15
LH:1
end_of_record
SF:lib/models/rejectionReasons.dart
DA:1,0
LF:1
LH:0
end_of_record
SF:lib/widgets/orderDetail/orderItemList.dart
DA:7,0
DA:11,0
DA:13,0
DA:14,0
DA:16,0
DA:17,0
DA:18,0
DA:19,0
DA:20,0
DA:22,0
DA:23,0
DA:24,0
DA:25,0
DA:26,0
DA:28,0
DA:31,0
DA:32,0
DA:34,0
DA:37,0
DA:38,0
DA:39,0
DA:41,0
DA:42,0
DA:43,0
DA:44,0
DA:45,0
DA:50,0
DA:52,0
DA:54,0
DA:55,0
DA:56,0
DA:57,0
DA:60,0
DA:61,0
DA:62,0
DA:63,0
DA:72,0
DA:73,0
DA:75,0
DA:76,0
DA:77,0
DA:78,0
DA:79,0
DA:80,0
DA:82,0
DA:83,0
DA:84,0
DA:85,0
DA:86,0
DA:87,0
DA:88,0
DA:92,0
LF:52
LH:0
end_of_record
SF:lib/widgets/timer/bound_clipper.dart
DA:9,0
DA:15,0
DA:18,0
DA:19,0
DA:22,0
DA:23,0
DA:27,0
DA:30,0
DA:31,0
DA:34,0
DA:36,0
DA:38,0
DA:39,0
DA:44,0
LF:14
LH:0
end_of_record
