SF:lib/Screens/loginScreen/components/passwordForm.dart
DA:6,1
DA:8,1
DA:12,0
DA:15,0
DA:19,0
DA:20,0
DA:25,0
DA:28,0
DA:29,0
DA:31,0
DA:33,0
DA:34,0
DA:36,0
DA:37,0
DA:38,0
DA:39,0
DA:41,0
DA:42,0
DA:43,0
DA:44,0
DA:45,0
DA:46,0
DA:48,0
DA:50,0
DA:51,0
DA:52,0
DA:53,0
DA:54,0
DA:57,0
DA:58,0
DA:59,0
LF:31
LH:2
end_of_record
SF:lib/Screens/loginScreen/components/emailForm.dart
DA:4,1
DA:6,1
DA:10,0
DA:13,0
DA:17,0
DA:19,0
DA:21,0
DA:22,0
DA:23,0
DA:24,0
DA:26,0
DA:27,0
DA:28,0
DA:29,0
DA:30,0
DA:31,0
DA:33,0
LF:17
LH:2
end_of_record
SF:lib/models/loginModel.dart
DA:5,0
DA:7,0
DA:8,0
DA:9,0
DA:10,0
DA:19,0
DA:24,0
DA:25,0
DA:26,0
DA:27,0
LF:10
LH:0
end_of_record
